

Version:	3.14
CmdLine:	F:\Progetti\ProgettiJava\jnj-client\executable\eseguibile.exe --l4j-debug
WOW64:		yes
Working dir:	F:\Progetti\ProgettiJava\jnj-client\executable\.
Java min ver:	
Java max ver:	
Bundled JRE(s):	.\jre
Check launcher:	F:\Progetti\ProgettiJava\jnj-client\executable\.\jre\bin\javaw.exe (OK)
Launcher:	F:\Progetti\ProgettiJava\jnj-client\executable\.\jre\bin\javaw.exe
Launcher args:	-jar "F:\Progetti\ProgettiJava\jnj-client\executable\eseguibile.exe"
Args length:	68/32768 chars
Exit code:	0


Version:	3.14
CmdLine:	F:\Progetti\ProgettiJava\jnj-client\executable\eseguibile.exe --l4j-debug
WOW64:		yes
Working dir:	F:\Progetti\ProgettiJava\jnj-client\executable\.
Java min ver:	
Java max ver:	
Bundled JRE(s):	.\jre
Check launcher:	F:\Progetti\ProgettiJava\jnj-client\executable\.\jre\bin\javaw.exe (OK)
Launcher:	F:\Progetti\ProgettiJava\jnj-client\executable\.\jre\bin\javaw.exe
Launcher args:	-jar "F:\Progetti\ProgettiJava\jnj-client\executable\eseguibile.exe"
Args length:	68/32768 chars
Exit code:	0


Version:	3.14
CmdLine:	F:\Progetti\ProgettiJava\jnj-client\executable\eseguibile.exe --l4j-debug
WOW64:		yes
Working dir:	F:\Progetti\ProgettiJava\jnj-client\executable\.
Java min ver:	
Java max ver:	
Bundled JRE(s):	.\jre
Check launcher:	F:\Progetti\ProgettiJava\jnj-client\executable\.\jre\bin\javaw.exe (OK)
Launcher:	F:\Progetti\ProgettiJava\jnj-client\executable\.\jre\bin\javaw.exe
Launcher args:	-jar "F:\Progetti\ProgettiJava\jnj-client\executable\eseguibile.exe"
Args length:	68/32768 chars
Exit code:	0
